c:\users\vanya\source\repos\exam (graphics)\exam (graphics)\x64\debug\vc143.pdb
c:\users\vanya\source\repos\exam (graphics)\exam (graphics)\x64\debug\.netframework,version=v4.7.2.assemblyattributes.obj
c:\users\vanya\source\repos\exam (graphics)\exam (graphics)\x64\debug\menu_2.obj
c:\users\vanya\source\repos\exam (graphics)\exam (graphics)\x64\debug\menu_1.obj
c:\users\vanya\source\repos\exam (graphics)\exam (graphics)\x64\debug\user.obj
c:\users\vanya\source\repos\exam (graphics)\exam (graphics)\x64\debug\playing_field.obj
c:\users\vanya\source\repos\exam (graphics)\exam (graphics)\x64\debug\matrix.obj
c:\users\vanya\source\repos\exam (graphics)\exam (graphics)\x64\debug\bot.obj
c:\users\vanya\source\repos\exam (graphics)\x64\debug\exam (graphics).exe
c:\users\vanya\source\repos\exam (graphics)\x64\debug\exam (graphics).pdb
c:\users\vanya\source\repos\exam (graphics)\exam (graphics)\x64\debug\coordinate.obj
c:\users\vanya\source\repos\exam (graphics)\exam (graphics)\x64\debug\game.obj
c:\users\vanya\source\repos\exam (graphics)\exam (graphics)\x64\debug\main.obj
c:\users\vanya\source\repos\exam (graphics)\exam (graphics)\x64\debug\menu_1_form.obj
c:\users\vanya\source\repos\exam (graphics)\exam (graphics)\x64\debug\exam (graphics).tlog\cl.command.1.tlog
c:\users\vanya\source\repos\exam (graphics)\exam (graphics)\x64\debug\exam (graphics).tlog\cl.items.tlog
c:\users\vanya\source\repos\exam (graphics)\exam (graphics)\x64\debug\exam (graphics).tlog\cl.read.1.tlog
c:\users\vanya\source\repos\exam (graphics)\exam (graphics)\x64\debug\exam (graphics).tlog\cl.write.1.tlog
c:\users\vanya\source\repos\exam (graphics)\exam (graphics)\x64\debug\exam (graphics).tlog\link.command.1.tlog
c:\users\vanya\source\repos\exam (graphics)\exam (graphics)\x64\debug\exam (graphics).tlog\link.read.1.tlog
c:\users\vanya\source\repos\exam (graphics)\exam (graphics)\x64\debug\exam (graphics).tlog\link.write.1.tlog
c:\users\vanya\source\repos\exam (graphics)\exam (graphics)\x64\debug\exam (graphics).tlog\metagen.read.1.tlog
c:\users\vanya\source\repos\exam (graphics)\exam (graphics)\x64\debug\exam (graphics).tlog\metagen.write.1.tlog
c:\users\vanya\source\repos\exam (graphics)\exam (graphics)\x64\debug\exam (graphics).tlog\resgen.command.1.tlog
c:\users\vanya\source\repos\exam (graphics)\exam (graphics)\x64\debug\exam (graphics).tlog\resgen.read.1.tlog
c:\users\vanya\source\repos\exam (graphics)\exam (graphics)\x64\debug\exam (graphics).tlog\resgen.write.1.tlog
